<?xml version="1.0" encoding="UTF-8"?>
<!-- Generated by org.testng.reporters.JUnitReportReporter -->
<testsuite hostname="Afsanas-MacBook-Pro.local" failures="0" tests="1" name="TestRunner" time="12.073" errors="0" timestamp="2021-04-01T20:20:57 EDT" skipped="0">
  <testcase classname="TestRunner" name="runScenario" time="12.073"/>
  <system-out/>
</testsuite> <!-- TestRunner -->
